[2026-03-14 08:34:17] krn_live_b701e... | https://xhamster1.desi/videos/cant-stop-anal-creampie-even-3-times-for-indian-desi-bhabhi-xhSKH6y | failed (limit/expired)
[2026-03-14 11:48:57] krn_live_74b78... | https://xhamster1.desi/videos/cant-stop-anal-creampie-even-3-times-for-indian-desi-bhabhi-xhSKH6y | success
[2026-03-14 12:32:30] krn_live_74b78... | https://xhamster1.desi/videos/cant-stop-anal-creampie-even-3-times-for-indian-desi-bhabhi-xhSKH6y | success
[2026-03-14 12:33:55] krn_live_74b78... | https://www.xvv1deos.com/video.ouvbdbpcef6/46415248/0/she_doesn_t_have_money_to_pay_rent._what_should_i_do_ | success
[2026-03-15 06:31:31] tok_admin123... | https://xhamster1.desi/videos/cant-stop-anal-creampie-even-3-times-for-indian-desi-bhabhi-xhSKH6y | success
[2026-03-15 06:32:09] tok_admin123... | https://xhamster1.desi/videos/cant-stop-anal-creampie-even-3-times-for-indian-desi-bhabhi-xhSKH6y | success
[2026-03-15 08:38:09] krn_live_74b78... | https://xhamster1.desi/videos/cant-stop-anal-creampie-even-3-times-for-indian-desi-bhabhi-xhSKH6y | success
[2026-03-15 08:44:22] krn_live_74b78... | https://xhamster1.desi/videos/cant-stop-anal-creampie-even-3-times-for-indian-desi-bhabhi-xhSKH6y | success
[2026-03-15 08:44:39] krn_live_74b78... | https://xhamster1.desi/videos/cant-stop-anal-creampie-even-3-times-for-indian-desi-bhabhi-xhSKH6y | success
[2026-03-15 08:44:40] krn_live_74b78... | https://xhamster1.desi/videos/cant-stop-anal-creampie-even-3-times-for-indian-desi-bhabhi-xhSKH6y | success
[2026-03-15 08:50:35] krn_live_74b78... | https://xhamster1.desi/videos/cant-stop-anal-creampie-even-3-times-for-indian-desi-bhabhi-xhSKH6y | success
[2026-03-15 08:51:29] krn_live_74b78... | https://xhamster1.desi/videos/cant-stop-anal-creampie-even-3-times-for-indian-desi-bhabhi-xhSKH6y | success
[2026-03-15 08:55:23] krn_live_c904d... | https://xhamster1.desi/videos/cant-stop-anal-creampie-even-3-times-for-indian-desi-bhabhi-xhSKH6y | success
[2026-03-15 08:55:49] krn_live_c904d... | https://xhamster1.desi/videos/cant-stop-anal-creampie-even-3-times-for-indian-desi-bhabhi-xhSKH6y | success
[2026-03-15 08:56:44] krn_live_c904d... | https://xhamster1.desi/videos/cant-stop-anal-creampie-even-3-times-for-indian-desi-bhabhi-xhSKH6y | success
[2026-03-15 09:00:26] krn_live_e5b6b... | https://xhamster1.desi/videos/cant-stop-anal-creampie-even-3-times-for-indian-desi-bhabhi-xhSKH6y | success
[2026-03-15 10:46:47] krn_live_74b78... | https://xhamster1.desi/videos/cant-stop-anal-creampie-even-3-times-for-indian-desi-bhabhi-xhSKH6y | success
[2026-03-15 10:47:02] krn_live_74b78... | https://xhamster1.desi/videos/cant-stop-anal-creampie-even-3-times-for-indian-desi-bhabhi-xhSKH6y | success
[2026-03-15 10:52:06] krn_live_74b78... | https://www.porndos.com/video/drunk-russian-girl-fucks-with-her-ex-boyfriend_v3/ | success
[2026-03-15 10:54:02] krn_live_74b78... | https://www.porndos.com/video/drunk-russian-girl-fucks-with-her-ex-boyfriend_v3/ | success
[2026-03-15 10:55:07] krn_live_74b78... | https://www.porndos.com/video/anal-sex-where-a-guy-fucks-his-girlfriend-in-the-ass_v3/ | success
[2026-03-15 10:56:24] krn_live_74b78... | https://www.pornhat.one/video/watch-enticing-chick-s-scene/ | success
[2026-03-15 11:59:37] krn_live_7c896... | https://www.pornhat.com/video/watch-sultry-lexi-lore-and-ken-feels-s-video/ | success
[2026-03-15 11:59:38] krn_live_7c896... | https://www.pornhat.com/video/watch-sultry-lexi-lore-and-ken-feels-s-video/ | success
[2026-03-15 11:59:40] krn_live_7c896... | https://www.pornhat.com/video/watch-sultry-lexi-lore-and-ken-feels-s-video/ | success
[2026-03-15 11:59:42] krn_live_7c896... | https://www.pornhat.com/video/watch-sultry-lexi-lore-and-ken-feels-s-video/ | success
[2026-03-15 11:59:43] krn_live_7c896... | https://www.pornhat.com/video/watch-sultry-lexi-lore-and-ken-feels-s-video/ | success
[2026-03-15 11:59:44] krn_live_7c896... | https://www.pornhat.com/video/watch-sultry-lexi-lore-and-ken-feels-s-video/ | success
[2026-03-15 11:59:46] krn_live_7c896... | https://www.pornhat.com/video/watch-sultry-lexi-lore-and-ken-feels-s-video/ | success
[2026-03-15 11:59:48] krn_live_7c896... | https://www.pornhat.com/video/watch-sultry-lexi-lore-and-ken-feels-s-video/ | success
[2026-03-15 14:24:20] krn_live_74b78... | https://hanime.tv/videos/hentai/natsu-to-hako-2 | success
[2026-03-15 14:24:56] krn_live_74b78... | https://www.hentaicity.com/click/video/ztYh3elVXco/good-night-only-to-you-2-busty-servant-washes-her-master-and-rides-his-hentai-cock | success
[2026-03-15 14:26:06] krn_live_74b78... | https://xhamster45.desi/videos/desi-indian-hot-step-sister-was-seduced-and-fucked-by-me-xhWspvw | success
[2026-03-15 14:30:55] krn_live_74b78... | https://faphouse2.com/videos/fuck-friend-wife-cooks-AbQmoA?utm_source=pbweb&utm_medium=referral&utm_campaign=pbw | failed (limit/expired)
[2026-03-15 14:31:04] tok_admin123... | https://faphouse2.com/videos/fuck-friend-wife-cooks-AbQmoA?utm_source=pbweb&utm_medium=referral&utm_campaign=pbw | success
[2026-03-15 14:31:31] tok_admin123... | https://faphouse.com/videos/fuck-friend-wife-cooks-AbQmoA?utm_source=pbweb&utm_medium=referral&utm_campaign=pbw | success
[2026-03-15 14:34:51] tok_admin123... | https://www.txnhh.com/video-roqqb8c/hot_teen_devotee_offers_her_body_to_the_desi_gurus | success
[2026-03-15 14:36:16] tok_admin123... | https://www.xnxx.gold/video-1go39y5c/hot_stepmom_turn_fight_into_hot_romance_and_sex_after_arguments_in_hindi_audio?pmsc=head_mob_chans_tab | success
[2026-03-15 14:37:05] tok_admin123... | https://www.txnhh.com/search-video/eAE9kdFu2zAMRf9Fz1oqihRJ-QOGFS2KYW0xDOtgGLGXGEjtwEm7AEP_fdd52Iss6dLn8lJ_w4_QhC8hhjt8L9Plgu1taLyYZkoUw31ofv4_OXtJxSm6OVe3Ek1qLeI1eipcXEp0JeNSUSOaSDMkqSgukMQqO3E0ZspJOYIMpqCGlGuuqMGNkIJclGqmGoVqBd0ilyxJUolKObtmi6bACbyKMJnXGq2SisDLWLRkJHBbcenqtXZm0Vmrr16FEyhuUYXRBVEU5FHAIhCFPTm8LLkzgVyK8ZoLIyBGZOFqrIrmzR3ZYLH-VtPaGIZjZc0ubMj2K4ZnTPjl5n3sh_kT_c66O-j25Wac-rGb2rfptVuWcejb7fx2PAztabi0u_nc9uP7vGxx3019O81_2nFq5-Mwtctw6M7jPJ324xGP9jU0KYaH6_oEp9N56cbd_rxK30KDl3z8_P2qPkLdd0u_nZcB6hPOZBiMkxMQtyCFbBtNG6kbsfDxD8Q-hNU=/02af94bd37a2b046b4a88647a2db8d15 | success
[2026-03-15 17:49:16] krn_live_e5b6b... | https://redporn.porn/1022488?title=momxxx-hot-jennifer-mendez-deepthroat-in-tight-stockings | success
[2026-03-16 01:50:21] krn_live_d82d9... | https://xhamster1.desi/videos/cant-stop-anal-creampie-even-3-times-for-indian-desi-bhabhi-xhSKH6y | success
[2026-03-16 01:51:14] krn_live_d82d9... | https://www.redtube.com/42093401 | success
[2026-03-16 02:21:55] krn_live_d82d9... | https://spankbang.party/6460m/video/husband+likes+sharing+his+wife+with+another+man | success
[2026-03-16 02:22:16] krn_live_d82d9... | https://spankbang.party/6460m/video/husband+likes+sharing+his+wife+with+another+man | success
[2026-03-16 02:22:26] krn_live_d82d9... | https://spankbang.com/6460m/video/husband+likes+sharing+his+wife+with+another+man | success
[2026-03-16 02:28:33] krn_live_d82d9... | https://hornyfans.to/watch/31945/stepmom-jennifer-threesome-with-mickeyvioletx-and-her-bf/ | success
[2026-03-16 02:31:26] krn_live_d82d9... | https://thothub.is/videos/1490123/haesicks-first-pussy-reveal-video-leaked/ | success
[2026-03-16 02:32:13] krn_live_d82d9... | https://thothub.to/videos/1490123/haesicks-first-pussy-reveal-video-leaked/ | success
[2026-03-16 02:34:41] krn_live_d82d9... | https://okxxx1.com/video/711158/ | success
[2026-03-16 13:44:15] krn_live_7af7a... | https://www.xvv1deos.com/video.uffuvim5024/the_best_standing_missionary_of_2024_starring_bree_brooks_kaci_kennedy_and_anna_kolba_w_johnny_love | success
[2026-03-16 13:44:19] krn_live_d82d9... | https://xhamster45.desi/videos/desi-mallu-bihari-bhabhi-caught-by-her-husband-while-having-sex-with-her-debar-in-outdoor-kitchen-full-movie-hindi-audio-xhHr10H | success
[2026-03-17 01:39:59] krn_live_d82d9... | https://xhamster1.desi/videos/cant-stop-anal-creampie-even-3-times-for-indian-desi-bhabhi-xhSKH6y | success
[2026-03-17 10:05:34] krn_live_d82d9... | https://xhamster1.desi/videos/cant-stop-anal-creampie-even-3-times-for-indian-desi-bhabhi-xhSKH6y | success
